<?xml version="1.0" encoding="UTF-8"?>
<testng-results skipped="0" failed="0" ignored="0" total="1" passed="1">
  <reporter-output>
  </reporter-output>
  <suite name="All Test Suite" duration-ms="43982" started-at="2022-02-01T21:40:47 IST" finished-at="2022-02-01T21:41:31 IST">
    <groups>
    </groups>
    <test name="LocalTesT" duration-ms="43982" started-at="2022-02-01T21:40:47 IST" finished-at="2022-02-01T21:41:31 IST">
      <class name="TestCase.LocalTest">
        <test-method status="PASS" signature="init_driver(java.lang.String,java.lang.String)[pri:0, instance:TestCase.LocalTest@7f13d6e]" name="init_driver" is-config="true" duration-ms="18570" started-at="2022-02-01T21:40:47 IST" finished-at="2022-02-01T21:41:05 IST">
          <params>
            <param index="0">
              <value>
                <![CDATA[Run_Local_Test/local.conf.json]]>
              </value>
            </param>
            <param index="1">
              <value>
                <![CDATA[env]]>
              </value>
            </param>
          </params>
          <reporter-output>
          </reporter-output>
        </test-method> <!-- init_driver -->
        <test-method status="PASS" signature="test()[pri:0, instance:TestCase.LocalTest@7f13d6e]" name="test" duration-ms="18734" started-at="2022-02-01T21:41:05 IST" finished-at="2022-02-01T21:41:24 IST">
          <reporter-output>
          </reporter-output>
        </test-method> <!-- test -->
        <test-method status="PASS" signature="tearDown(org.testng.ITestResult)[pri:0, instance:TestCase.LocalTest@7f13d6e]" name="tearDown" is-config="true" duration-ms="5493" started-at="2022-02-01T21:41:25 IST" finished-at="2022-02-01T21:41:31 IST">
          <params>
            <param index="0">
              <value>
                <![CDATA[[TestResult name=test status=SUCCESS method=LocalTest.test()[pri:0, instance:TestCase.LocalTest@7f13d6e] output={null}]]]>
              </value>
            </param>
          </params>
          <reporter-output>
          </reporter-output>
        </test-method> <!-- tearDown -->
      </class> <!-- TestCase.LocalTest -->
    </test> <!-- LocalTesT -->
  </suite> <!-- All Test Suite -->
</testng-results>
