<?xml version="1.0" encoding="UTF-8"?>
<testsuite xmlns:xsi="http://www.w3.org/2001/XMLSchema-instance" xsi:noNamespaceSchemaLocation="https://maven.apache.org/surefire/maven-surefire-plugin/xsd/surefire-test-report-3.0.xsd" version="3.0" name="TestSuite" time="49.604" tests="1" errors="0" skipped="0" failures="0">
  <properties>
[...]
</properties>
  <testcase name="test" classname="TestCase.LocalTest" time="20.795">
    <system-out><![CDATA[Details of Apple Products:
iPhone 12 $799
iPhone 11 $599
iPhone 12 Mini $699
iPhone XS $549
iPhone XS Max $649
iPhone XR $499
iPhone 12 Pro $999
iPhone 11 Pro $699
]]></system-out>
    <system-err><![CDATA[Dec 16, 2021 9:39:33 PM org.openqa.selenium.remote.ProtocolHandshake createSession
INFO: Detected dialect: OSS
]]></system-err>
  </testcase>
</testsuite>